
07/04/2022 18:00:08 -  - SaveGraph-TTerraWorldGraph.cs-241
07/04/2022 18:00:08 - Assets/TerraWorld/World Resources/Scenes/1395144172/graph.xml - LoadAndRunWorldGraph-TTerraworldGenerator.cs-34
07/04/2022 18:00:08 -  - LoadGraph-TTerraWorldGraph.cs-413
07/04/2022 18:00:08 -  - SaveGraph-TTerraWorldGraph.cs-241
07/04/2022 18:00:08 -  - SaveGraph-TTerraWorldGraph.cs-241
07/04/2022 18:00:08 -  - SaveGraph-TTerraWorldGraph.cs-241
07/04/2022 18:00:08 -  - CreateWorld-TTerrainGenerator.cs-175
07/04/2022 18:00:08 -  - ResetGraphsStatus-TTerraWorldGraph.cs-743
07/04/2022 18:00:08 -  - CheckConnections-TTerraWorldGraph.cs-577
07/04/2022 18:00:08 - Fetching Data From Servers... - CreateWorld-TTerrainGenerator.cs-201
07/04/2022 18:00:08 -  - InitBGTerrain-TTerrainGenerator.cs-214
07/04/2022 18:00:08 -  - InitMainTerrains-TTerrainGenerator.cs-263
07/04/2022 18:00:08 -  - .ctor-TTerraWorld.cs-276
07/04/2022 18:00:08 -  - UpdateTerraWorld-TTerraWorld.cs-292
07/04/2022 18:00:08 -  - GenerateTerrains-TTerraWorld.cs-283
07/04/2022 18:00:08 -  - UpdateTerrain-TTerrain.cs-99
07/04/2022 18:00:08 -  - .ctor-TMap.cs-76
07/04/2022 18:00:08 -  - Initialize-TMap.cs-85
07/04/2022 18:00:08 -  - UpdateMap-TMap.cs-308
07/04/2022 18:00:08 -  - .ctor-TMap.cs-76
07/04/2022 18:00:08 -  - Initialize-TMap.cs-85
07/04/2022 18:00:08 -  - IsHeightmapAvailable-TMap.cs-358
07/04/2022 18:00:08 -  - Initialize-TMap.cs-85
07/04/2022 18:00:08 -  - UpdateElevationData-TMap.cs-378
07/04/2022 18:00:13 -  - AfterDataDownloaded-TMap.cs-431
07/04/2022 18:00:13 - Warning : Error: TrustFailure (One or more errors occurred.)
07/04/2022 18:00:13 -  - AfterUpdateCompletedElevation-TMap.cs-566
07/04/2022 18:00:14 -  - WhenAllDone-TMap.cs-604
07/04/2022 18:00:14 -  - TerrainAnalysis-TTerrain.cs-157
07/04/2022 18:00:14 -  - RunAllModulesAsync-TTerrain.cs-171
07/04/2022 18:00:14 -  - RunAllModulesASyncPerform-TTerrain.cs-192
07/04/2022 18:00:14 -  - RunAllModules-TTerrain.cs-206
07/04/2022 18:00:15 -  - RunGraph-TModules.cs-301
07/04/2022 18:00:15 -  - GetSequences-TTerraWorldGraph.cs-695
07/04/2022 18:00:15 -  - GetLastNodes-TTerraWorldGraph.cs-654
07/04/2022 18:00:15 - Heightmap Source 1 - RunGraph-TModules.cs-325
07/04/2022 18:00:15 - Global Heightmap 1 - RunGraph-TModules.cs-325
07/04/2022 18:00:15 - heightmapGraph result : Global Heightmap 1 - RunAllModules-TTerrain.cs-245
07/04/2022 18:00:15 -  - RunGraph-TModules.cs-301
07/04/2022 18:00:15 -  - GetSequences-TTerraWorldGraph.cs-695
07/04/2022 18:00:15 -  - GetLastNodes-TTerraWorldGraph.cs-654
07/04/2022 18:00:15 -  - RunGraph-TModules.cs-301
07/04/2022 18:00:15 -  - GetSequences-TTerraWorldGraph.cs-695
07/04/2022 18:00:15 -  - GetLastNodes-TTerraWorldGraph.cs-654
07/04/2022 18:00:15 -  - RunGraph-TModules.cs-301
07/04/2022 18:00:15 -  - GetSequences-TTerraWorldGraph.cs-695
07/04/2022 18:00:15 -  - GetLastNodes-TTerraWorldGraph.cs-654
07/04/2022 18:00:15 -  - RunGraph-TModules.cs-301
07/04/2022 18:00:15 -  - GetSequences-TTerraWorldGraph.cs-695
07/04/2022 18:00:15 -  - GetLastNodes-TTerraWorldGraph.cs-654
07/04/2022 18:00:15 -  - RunGraph-TModules.cs-301
07/04/2022 18:00:15 -  - GetSequences-TTerraWorldGraph.cs-695
07/04/2022 18:00:15 -  - GetLastNodes-TTerraWorldGraph.cs-654
07/04/2022 18:00:15 -  - RunGraph-TModules.cs-301
07/04/2022 18:00:15 -  - GetSequences-TTerraWorldGraph.cs-695
07/04/2022 18:00:15 -  - GetLastNodes-TTerraWorldGraph.cs-654
07/04/2022 18:00:15 -  - RunGraph-TModules.cs-301
07/04/2022 18:00:15 -  - GetSequences-TTerraWorldGraph.cs-695
07/04/2022 18:00:15 -  - GetLastNodes-TTerraWorldGraph.cs-654
07/04/2022 18:00:15 -  - WhenAllDone-TTerrain.cs-595
07/04/2022 18:00:15 -  - EachTerrainDone-TTerraWorld.cs-303
07/04/2022 18:00:15 -  - WhenAllDone-TTerraWorld.cs-312
07/04/2022 18:00:15 -  - ApplyOnTerrain-TTerrainGenerator.cs-414
07/04/2022 18:00:15 -  - GenerateTerrain-TTerrainGenerator.cs-434
07/04/2022 18:00:15 -  - InitializeTerrain-TTerrainGenerator.cs-443
07/04/2022 18:00:15 -  - SetTerrainMaterialMAINDefault-TerrainRenderingManager.cs-1846
07/04/2022 18:00:16 - Generating Terrain - ApplyTerrrain-TTerrainGenerator.cs-508
07/04/2022 18:00:16 - ApplyLakeOnTerrain - ApplyLakeOnTerrain-TTerrainGenerator.cs-752
07/04/2022 18:00:21 - UpdateTerrainHeightmap - UpdateTerrainHeightmap-TTerrainGenerator.cs-546
07/04/2022 18:00:24 - UpdateTerrainImagery - UpdateTerrainImagery-TTerrainGenerator.cs-568
07/04/2022 18:00:24 - GetColorMap - GetColorMap-TDetailTextureLayer.cs-170
07/04/2022 18:00:24 - GetAplphaMaps - GetAplphaMaps-TDetailTextureLayer.cs-39
07/04/2022 18:00:24 - ApplyRiversOnTerrain - ApplyRiversOnTerrain-TTerrainGenerator.cs-974
07/04/2022 18:00:24 - ApplyGridsOnTerrain - ApplyGridsOnTerrain-TTerrainGenerator.cs-1137
07/04/2022 18:00:24 - ApplyObjectsOnTerrain - ApplyObjectsOnTerrain-TTerrainGenerator.cs-1235
07/04/2022 18:00:24 - ApplyGrassOnTerrain - ApplyGrassOnTerrain-TTerrainGenerator.cs-1448
07/04/2022 18:00:24 -  - OnFinished-TTerraworldGenerator.cs-97
07/04/2022 18:00:24 - CleanUp - CleanUpUnderTerrainObjects-TTerraworldGenerator.cs-414
07/04/2022 18:00:24 -  - ClearMemory-TTerrainGenerator.cs-1670
07/04/2022 18:00:25 -  - SaveGraph-TTerraWorldGraph.cs-241
07/04/2022 18:00:25 -  - SaveGraph-TTerraWorldGraph.cs-241
07/04/2022 18:00:25 - Finish! - ApplyRealTimeSettings-TTerraworldGenerator.cs-90
07/04/2022 18:06:06 -  - LoadGraph-TTerraWorldGraph.cs-413
07/04/2022 18:06:06 -  - SaveGraph-TTerraWorldGraph.cs-241
07/04/2022 18:06:06 -  - SaveGraph-TTerraWorldGraph.cs-241
07/04/2022 18:06:06 -  - ResetGraphsStatus-TTerraWorldGraph.cs-743
07/04/2022 18:06:09 -  - SaveGraph-TTerraWorldGraph.cs-241
07/04/2022 18:43:27 -  - LoadGraph-TTerraWorldGraph.cs-413
07/04/2022 18:43:27 -  - SaveGraph-TTerraWorldGraph.cs-241
07/04/2022 18:43:27 -  - SaveGraph-TTerraWorldGraph.cs-241
07/04/2022 18:43:28 -  - ResetGraphsStatus-TTerraWorldGraph.cs-743
07/04/2022 18:43:31 -  - SaveGraph-TTerraWorldGraph.cs-241
07/04/2022 18:44:40 -  - LoadGraph-TTerraWorldGraph.cs-413
07/04/2022 18:44:40 -  - SaveGraph-TTerraWorldGraph.cs-241
07/04/2022 18:44:40 -  - SaveGraph-TTerraWorldGraph.cs-241
07/04/2022 18:44:40 -  - ResetGraphsStatus-TTerraWorldGraph.cs-743
07/04/2022 18:44:49 -  - SaveGraph-TTerraWorldGraph.cs-241
07/04/2022 18:46:18 -  - LoadGraph-TTerraWorldGraph.cs-413
07/04/2022 18:46:18 -  - SaveGraph-TTerraWorldGraph.cs-241
07/04/2022 18:46:18 -  - SaveGraph-TTerraWorldGraph.cs-241
07/04/2022 18:46:18 -  - ResetGraphsStatus-TTerraWorldGraph.cs-743
07/04/2022 18:46:23 -  - SaveGraph-TTerraWorldGraph.cs-241
07/04/2022 18:47:03 -  - LoadGraph-TTerraWorldGraph.cs-413
07/04/2022 18:47:03 -  - SaveGraph-TTerraWorldGraph.cs-241
07/04/2022 18:47:03 -  - SaveGraph-TTerraWorldGraph.cs-241
07/04/2022 18:47:03 -  - ResetGraphsStatus-TTerraWorldGraph.cs-743
07/04/2022 18:47:04 -  - SaveGraph-TTerraWorldGraph.cs-241
07/04/2022 18:48:30 -  - LoadGraph-TTerraWorldGraph.cs-413
07/04/2022 18:48:30 -  - SaveGraph-TTerraWorldGraph.cs-241
07/04/2022 18:48:30 -  - SaveGraph-TTerraWorldGraph.cs-241
07/04/2022 18:48:30 -  - ResetGraphsStatus-TTerraWorldGraph.cs-743
07/04/2022 18:48:39 -  - SaveGraph-TTerraWorldGraph.cs-241
07/04/2022 19:18:17 -  - LoadGraph-TTerraWorldGraph.cs-413
07/04/2022 19:18:17 -  - SaveGraph-TTerraWorldGraph.cs-241
07/04/2022 19:18:17 -  - SaveGraph-TTerraWorldGraph.cs-241
07/04/2022 19:18:17 -  - ResetGraphsStatus-TTerraWorldGraph.cs-743
07/04/2022 19:18:21 -  - SaveGraph-TTerraWorldGraph.cs-241
07/04/2022 19:21:20 -  - LoadGraph-TTerraWorldGraph.cs-413
07/04/2022 19:21:20 -  - SaveGraph-TTerraWorldGraph.cs-241
07/04/2022 19:21:20 -  - SaveGraph-TTerraWorldGraph.cs-241
07/04/2022 19:21:20 -  - ResetGraphsStatus-TTerraWorldGraph.cs-743
07/04/2022 19:21:22 -  - SaveGraph-TTerraWorldGraph.cs-241
07/04/2022 19:22:00 -  - LoadGraph-TTerraWorldGraph.cs-413
07/04/2022 19:22:00 -  - SaveGraph-TTerraWorldGraph.cs-241
07/04/2022 19:22:00 -  - SaveGraph-TTerraWorldGraph.cs-241
07/04/2022 19:22:00 -  - ResetGraphsStatus-TTerraWorldGraph.cs-743
07/04/2022 19:22:02 -  - SaveGraph-TTerraWorldGraph.cs-241
07/04/2022 19:24:07 -  - LoadGraph-TTerraWorldGraph.cs-413
07/04/2022 19:24:07 -  - SaveGraph-TTerraWorldGraph.cs-241
07/04/2022 19:24:08 -  - SaveGraph-TTerraWorldGraph.cs-241
07/04/2022 19:24:08 -  - ResetGraphsStatus-TTerraWorldGraph.cs-743
07/04/2022 19:24:10 -  - SaveGraph-TTerraWorldGraph.cs-241
07/04/2022 19:25:50 -  - LoadGraph-TTerraWorldGraph.cs-413
07/04/2022 19:25:50 -  - SaveGraph-TTerraWorldGraph.cs-241
07/04/2022 19:25:50 -  - SaveGraph-TTerraWorldGraph.cs-241
07/04/2022 19:25:50 -  - ResetGraphsStatus-TTerraWorldGraph.cs-743
07/04/2022 19:25:52 -  - SaveGraph-TTerraWorldGraph.cs-241
07/04/2022 19:27:48 -  - LoadGraph-TTerraWorldGraph.cs-413
07/04/2022 19:27:48 -  - SaveGraph-TTerraWorldGraph.cs-241
07/04/2022 19:27:48 -  - SaveGraph-TTerraWorldGraph.cs-241
07/04/2022 19:27:48 -  - ResetGraphsStatus-TTerraWorldGraph.cs-743
07/04/2022 19:27:50 -  - SaveGraph-TTerraWorldGraph.cs-241
07/04/2022 19:28:54 -  - LoadGraph-TTerraWorldGraph.cs-413
07/04/2022 19:28:54 -  - SaveGraph-TTerraWorldGraph.cs-241
07/04/2022 19:28:54 -  - SaveGraph-TTerraWorldGraph.cs-241
07/04/2022 19:28:54 -  - ResetGraphsStatus-TTerraWorldGraph.cs-743
07/04/2022 19:28:57 -  - SaveGraph-TTerraWorldGraph.cs-241
07/04/2022 19:29:23 -  - LoadGraph-TTerraWorldGraph.cs-413
07/04/2022 19:29:23 -  - SaveGraph-TTerraWorldGraph.cs-241
07/04/2022 19:29:23 -  - SaveGraph-TTerraWorldGraph.cs-241
07/04/2022 19:29:23 -  - ResetGraphsStatus-TTerraWorldGraph.cs-743
07/04/2022 19:29:27 -  - SaveGraph-TTerraWorldGraph.cs-241
07/04/2022 19:30:23 -  - LoadGraph-TTerraWorldGraph.cs-413
07/04/2022 19:30:23 -  - SaveGraph-TTerraWorldGraph.cs-241
07/04/2022 19:30:23 -  - SaveGraph-TTerraWorldGraph.cs-241
07/04/2022 19:30:23 -  - ResetGraphsStatus-TTerraWorldGraph.cs-743
07/04/2022 19:30:25 -  - SaveGraph-TTerraWorldGraph.cs-241
07/04/2022 19:30:50 -  - LoadGraph-TTerraWorldGraph.cs-413
07/04/2022 19:30:50 -  - SaveGraph-TTerraWorldGraph.cs-241
07/04/2022 19:30:51 -  - SaveGraph-TTerraWorldGraph.cs-241
07/04/2022 19:30:51 -  - ResetGraphsStatus-TTerraWorldGraph.cs-743
07/04/2022 19:30:53 -  - SaveGraph-TTerraWorldGraph.cs-241
07/04/2022 19:31:19 -  - LoadGraph-TTerraWorldGraph.cs-413
07/04/2022 19:31:19 -  - SaveGraph-TTerraWorldGraph.cs-241
07/04/2022 19:31:20 -  - SaveGraph-TTerraWorldGraph.cs-241
07/04/2022 19:31:20 -  - ResetGraphsStatus-TTerraWorldGraph.cs-743
07/04/2022 19:31:24 -  - SaveGraph-TTerraWorldGraph.cs-241
07/04/2022 19:31:49 -  - LoadGraph-TTerraWorldGraph.cs-413
07/04/2022 19:31:49 -  - SaveGraph-TTerraWorldGraph.cs-241
07/04/2022 19:31:49 -  - SaveGraph-TTerraWorldGraph.cs-241
07/04/2022 19:31:49 -  - ResetGraphsStatus-TTerraWorldGraph.cs-743
07/04/2022 19:31:53 -  - SaveGraph-TTerraWorldGraph.cs-241
07/04/2022 19:31:56 -  - LoadGraph-TTerraWorldGraph.cs-413
07/04/2022 19:31:56 -  - SaveGraph-TTerraWorldGraph.cs-241
07/04/2022 19:31:56 -  - SaveGraph-TTerraWorldGraph.cs-241
07/04/2022 19:31:57 -  - ResetGraphsStatus-TTerraWorldGraph.cs-743
07/04/2022 19:31:58 -  - SaveGraph-TTerraWorldGraph.cs-241
07/04/2022 19:33:01 -  - LoadGraph-TTerraWorldGraph.cs-413
07/04/2022 19:33:01 -  - SaveGraph-TTerraWorldGraph.cs-241
07/04/2022 19:33:01 -  - SaveGraph-TTerraWorldGraph.cs-241
07/04/2022 19:33:01 -  - ResetGraphsStatus-TTerraWorldGraph.cs-743
07/04/2022 19:33:03 -  - SaveGraph-TTerraWorldGraph.cs-241
07/04/2022 19:33:24 -  - LoadGraph-TTerraWorldGraph.cs-413
07/04/2022 19:33:24 -  - SaveGraph-TTerraWorldGraph.cs-241
07/04/2022 19:33:24 -  - SaveGraph-TTerraWorldGraph.cs-241
07/04/2022 19:33:24 -  - ResetGraphsStatus-TTerraWorldGraph.cs-743
07/04/2022 19:33:31 -  - SaveGraph-TTerraWorldGraph.cs-241
07/04/2022 19:34:27 -  - LoadGraph-TTerraWorldGraph.cs-413
07/04/2022 19:34:27 -  - SaveGraph-TTerraWorldGraph.cs-241
07/04/2022 19:34:28 -  - SaveGraph-TTerraWorldGraph.cs-241
07/04/2022 19:34:28 -  - ResetGraphsStatus-TTerraWorldGraph.cs-743
07/04/2022 19:34:29 -  - SaveGraph-TTerraWorldGraph.cs-241
07/04/2022 19:35:59 -  - LoadGraph-TTerraWorldGraph.cs-413
07/04/2022 19:35:59 -  - SaveGraph-TTerraWorldGraph.cs-241
07/04/2022 19:35:59 -  - SaveGraph-TTerraWorldGraph.cs-241
07/04/2022 19:35:59 -  - ResetGraphsStatus-TTerraWorldGraph.cs-743
07/04/2022 19:36:01 -  - SaveGraph-TTerraWorldGraph.cs-241
07/04/2022 19:36:27 -  - LoadGraph-TTerraWorldGraph.cs-413
07/04/2022 19:36:27 -  - SaveGraph-TTerraWorldGraph.cs-241
07/04/2022 19:36:28 -  - SaveGraph-TTerraWorldGraph.cs-241
07/04/2022 19:36:28 -  - ResetGraphsStatus-TTerraWorldGraph.cs-743
07/04/2022 19:36:30 -  - SaveGraph-TTerraWorldGraph.cs-241
07/04/2022 19:37:09 -  - LoadGraph-TTerraWorldGraph.cs-413
07/04/2022 19:37:09 -  - SaveGraph-TTerraWorldGraph.cs-241
07/04/2022 19:37:09 -  - SaveGraph-TTerraWorldGraph.cs-241
07/04/2022 19:37:09 -  - ResetGraphsStatus-TTerraWorldGraph.cs-743
07/04/2022 19:37:11 -  - SaveGraph-TTerraWorldGraph.cs-241
07/04/2022 19:37:35 -  - LoadGraph-TTerraWorldGraph.cs-413
07/04/2022 19:37:35 -  - SaveGraph-TTerraWorldGraph.cs-241
07/04/2022 19:37:35 -  - SaveGraph-TTerraWorldGraph.cs-241
07/04/2022 19:37:35 -  - ResetGraphsStatus-TTerraWorldGraph.cs-743
07/04/2022 19:37:37 -  - SaveGraph-TTerraWorldGraph.cs-241
07/04/2022 19:38:08 -  - LoadGraph-TTerraWorldGraph.cs-413
07/04/2022 19:38:08 -  - SaveGraph-TTerraWorldGraph.cs-241
07/04/2022 19:38:08 -  - SaveGraph-TTerraWorldGraph.cs-241
07/04/2022 19:38:08 -  - ResetGraphsStatus-TTerraWorldGraph.cs-743
07/04/2022 19:38:13 -  - SaveGraph-TTerraWorldGraph.cs-241
07/04/2022 19:39:16 -  - LoadGraph-TTerraWorldGraph.cs-413
07/04/2022 19:39:16 -  - SaveGraph-TTerraWorldGraph.cs-241
07/04/2022 19:39:17 -  - SaveGraph-TTerraWorldGraph.cs-241
07/04/2022 19:39:17 -  - ResetGraphsStatus-TTerraWorldGraph.cs-743
07/04/2022 19:39:18 -  - SaveGraph-TTerraWorldGraph.cs-241
07/04/2022 19:40:00 -  - LoadGraph-TTerraWorldGraph.cs-413
07/04/2022 19:40:00 -  - SaveGraph-TTerraWorldGraph.cs-241
07/04/2022 19:40:00 -  - SaveGraph-TTerraWorldGraph.cs-241
07/04/2022 19:40:00 -  - ResetGraphsStatus-TTerraWorldGraph.cs-743
07/04/2022 19:40:08 -  - SaveGraph-TTerraWorldGraph.cs-241
07/04/2022 19:40:11 -  - LoadGraph-TTerraWorldGraph.cs-413
07/04/2022 19:40:11 -  - SaveGraph-TTerraWorldGraph.cs-241
07/04/2022 19:40:11 -  - SaveGraph-TTerraWorldGraph.cs-241
07/04/2022 19:40:11 -  - ResetGraphsStatus-TTerraWorldGraph.cs-743
07/04/2022 19:40:13 -  - SaveGraph-TTerraWorldGraph.cs-241
07/04/2022 19:40:38 -  - LoadGraph-TTerraWorldGraph.cs-413
07/04/2022 19:40:38 -  - SaveGraph-TTerraWorldGraph.cs-241
07/04/2022 19:40:39 -  - SaveGraph-TTerraWorldGraph.cs-241
07/04/2022 19:40:39 -  - ResetGraphsStatus-TTerraWorldGraph.cs-743
07/04/2022 19:40:40 -  - SaveGraph-TTerraWorldGraph.cs-241
07/04/2022 19:41:05 -  - LoadGraph-TTerraWorldGraph.cs-413
07/04/2022 19:41:05 -  - SaveGraph-TTerraWorldGraph.cs-241
07/04/2022 19:41:05 -  - SaveGraph-TTerraWorldGraph.cs-241
07/04/2022 19:41:05 -  - ResetGraphsStatus-TTerraWorldGraph.cs-743
07/04/2022 19:41:07 -  - SaveGraph-TTerraWorldGraph.cs-241
07/04/2022 19:42:05 -  - LoadGraph-TTerraWorldGraph.cs-413
07/04/2022 19:42:05 -  - SaveGraph-TTerraWorldGraph.cs-241
07/04/2022 19:42:06 -  - SaveGraph-TTerraWorldGraph.cs-241
07/04/2022 19:42:06 -  - ResetGraphsStatus-TTerraWorldGraph.cs-743
07/04/2022 19:42:07 -  - SaveGraph-TTerraWorldGraph.cs-241
07/04/2022 19:43:07 -  - LoadGraph-TTerraWorldGraph.cs-413
07/04/2022 19:43:07 -  - SaveGraph-TTerraWorldGraph.cs-241
07/04/2022 19:43:07 -  - SaveGraph-TTerraWorldGraph.cs-241
07/04/2022 19:43:07 -  - ResetGraphsStatus-TTerraWorldGraph.cs-743
07/04/2022 19:43:10 -  - SaveGraph-TTerraWorldGraph.cs-241
07/04/2022 19:49:19 -  - LoadGraph-TTerraWorldGraph.cs-413
07/04/2022 19:49:19 -  - SaveGraph-TTerraWorldGraph.cs-241
07/04/2022 19:49:19 -  - SaveGraph-TTerraWorldGraph.cs-241
07/04/2022 19:49:20 -  - ResetGraphsStatus-TTerraWorldGraph.cs-743
07/04/2022 19:49:48 -  - SaveGraph-TTerraWorldGraph.cs-241
07/04/2022 19:49:51 -  - LoadGraph-TTerraWorldGraph.cs-413
07/04/2022 19:49:51 -  - SaveGraph-TTerraWorldGraph.cs-241
07/04/2022 19:49:51 -  - SaveGraph-TTerraWorldGraph.cs-241
07/04/2022 19:49:51 -  - ResetGraphsStatus-TTerraWorldGraph.cs-743
07/04/2022 19:49:54 -  - SaveGraph-TTerraWorldGraph.cs-241
07/04/2022 19:53:10 -  - LoadGraph-TTerraWorldGraph.cs-413
07/04/2022 19:53:10 -  - SaveGraph-TTerraWorldGraph.cs-241
07/04/2022 19:53:11 -  - SaveGraph-TTerraWorldGraph.cs-241
07/04/2022 19:53:11 -  - ResetGraphsStatus-TTerraWorldGraph.cs-743
07/04/2022 19:53:13 -  - SaveGraph-TTerraWorldGraph.cs-241
07/04/2022 19:54:21 -  - LoadGraph-TTerraWorldGraph.cs-413
07/04/2022 19:54:21 -  - SaveGraph-TTerraWorldGraph.cs-241
07/04/2022 19:54:21 -  - SaveGraph-TTerraWorldGraph.cs-241
07/04/2022 19:54:21 -  - ResetGraphsStatus-TTerraWorldGraph.cs-743
07/04/2022 19:55:36 -  - SaveGraph-TTerraWorldGraph.cs-241
07/04/2022 19:55:39 -  - LoadGraph-TTerraWorldGraph.cs-413
07/04/2022 19:55:39 -  - SaveGraph-TTerraWorldGraph.cs-241
07/04/2022 19:55:40 -  - SaveGraph-TTerraWorldGraph.cs-241
07/04/2022 19:55:40 -  - ResetGraphsStatus-TTerraWorldGraph.cs-743
07/04/2022 19:56:08 -  - SaveGraph-TTerraWorldGraph.cs-241